C51 COMPILER V9.52.0.0   PASSWORD1                                                         02/02/2024 11:09:00 PAGE 1   


C51 COMPILER V9.52.0.0, COMPILATION OF MODULE PASSWORD1
OBJECT MODULE PLACED IN password1.OBJ
COMPILER INVOKED BY: C:\Keil\C51\BIN\C51.EXE password1.c BROWSE DEBUG OBJECTEXTEND TABS(2)

line level    source

   1          #include<reg51.h>
   2          sbit gled=P1^0;
   3          sbit rled=P1^1;
   4          sbit rs=P1^2;
   5          sbit rw=P1^3;
   6          sbit en=P1^4;
   7          //lcd control pins
   8          void lcdcmd(unsigned char x);
   9          void lcddata(unsigned char x);
  10          delay(int);
  11          void lcddisplay(unsigned char *x);
  12          unsigned char password[4],v1;
  13          
  14          void main()
  15          {
  16   1        lcdcmd(0x38);
  17   1        lcdcmd(0x0c);
  18   1        lcdcmd(0x06);
  19   1        lcdcmd(0x0F);
  20   1        lcdcmd(0x80);
  21   1        lcddisplay("enter password");
  22   1        lcdcmd(0xC0);
  23   1        SCON=0x50;
  24   1        TMOD=0x20;
  25   1        TH1= -3;
  26   1        TR1=1;
  27   1        gled=rled=0;
  28   1        while(1)
  29   1        {
  30   2          for(v1=0;v1<4;v1++)
  31   2          {
  32   3            while(RI==0);
  33   3            password[v1]=SBUF;
  34   3            RI=0;
  35   3            lcddata('*');
  36   3          }
  37   2          if(password[0]=='2'&&password[1]=='0'&&password[2]=='0'&&password[3]=='1')
  38   2          {
  39   3            gled=1;
  40   3            rled=0;
  41   3            lcdcmd(0x01);
  42   3            lcddisplay("matched");
  43   3          }
  44   2          else
  45   2          {
  46   3            rled=1;
  47   3            gled=0;
  48   3            lcdcmd(0x01);
  49   3            lcddisplay("password wrong");
  50   3          }
  51   2        }
  52   1      }
  53          void lcdcmd(unsigned char x)
  54          {
  55   1        int i;
C51 COMPILER V9.52.0.0   PASSWORD1                                                         02/02/2024 11:09:00 PAGE 2   

  56   1        P2=x;
  57   1        rs=0;
  58   1        rw=0;
  59   1        en=1;
  60   1        for(i=0;i<500;i++);
  61   1        en=0;
  62   1      }
  63          void lcddisplay(unsigned char *s)
  64          {
  65   1        unsigned char w;
  66   1        for(w=0;s[w]!='\0';w++)
  67   1        {
  68   2          lcddata(s[w]);
  69   2        }
  70   1      }
  71          void lcddata(unsigned char dat)
  72          {
  73   1        int i;
  74   1        P2=dat;
  75   1        rs=1;
  76   1        rw=0;
  77   1        en=1;
  78   1        for(i=0;i<500;i++);
  79   1        en=0;
  80   1      }
  81          delay (int k)
  82          {
  83   1        int i,j;
  84   1        for(i=0;i<k;i++)
  85   1        for(j=0;j<1275;j++);
  86   1      }
  87            
  88                
  89          
  90          
*** WARNING C290 IN LINE 86 OF password1.c: missing return value


MODULE INFORMATION:   STATIC OVERLAYABLE
   CODE SIZE        =    267    ----
   CONSTANT SIZE    =     38    ----
   XDATA SIZE       =   ----    ----
   PDATA SIZE       =   ----    ----
   DATA SIZE        =      5       4
   IDATA SIZE       =   ----    ----
   BIT SIZE         =   ----    ----
END OF MODULE INFORMATION.


C51 COMPILATION COMPLETE.  1 WARNING(S),  0 ERROR(S)
