C51 COMPILER V9.52.0.0   LEDSWITCH3                                                        12/05/2023 13:38:44 PAGE 1   


C51 COMPILER V9.52.0.0, COMPILATION OF MODULE LEDSWITCH3
OBJECT MODULE PLACED IN ledswitch3.OBJ
COMPILER INVOKED BY: C:\Keil\C51\BIN\C51.EXE ledswitch3.c BROWSE DEBUG OBJECTEXTEND TABS(2)

line level    source

   1          #include <reg51.h>
   2          sbit led1=P2^0;
   3          sbit sw1=P2^1;
   4          void main()
   5          {
   6   1        sw1=1;
   7   1        led1=0;
   8   1        while(1)
   9   1        {
  10   2          if(sw1==0)
  11   2            led1=1;
  12   2          else
  13   2            led1=0;
  14   2        }
  15   1      }


MODULE INFORMATION:   STATIC OVERLAYABLE
   CODE SIZE        =     15    ----
   CONSTANT SIZE    =   ----    ----
   XDATA SIZE       =   ----    ----
   PDATA SIZE       =   ----    ----
   DATA SIZE        =   ----    ----
   IDATA SIZE       =   ----    ----
   BIT SIZE         =   ----    ----
END OF MODULE INFORMATION.


C51 COMPILATION COMPLETE.  0 WARNING(S),  0 ERROR(S)
