C51 COMPILER V9.52.0.0   TRAFFIC                                                           12/08/2023 09:20:40 PAGE 1   


C51 COMPILER V9.52.0.0, COMPILATION OF MODULE TRAFFIC
OBJECT MODULE PLACED IN traffic.OBJ
COMPILER INVOKED BY: C:\Keil\C51\BIN\C51.EXE traffic.c BROWSE DEBUG OBJECTEXTEND TABS(2)

line level    source

   1          #include <reg51.h>
   2          int i,j;
   3          void delay(unsigned int t)
   4          {
   5   1        for(i=0;i<t;i++)
   6   1        for(j=0;j<1000;j++);
   7   1      }
   8            sbit led1=P1^0;
   9            sbit led2=P1^1;
  10            sbit led3=P1^2;
  11          void main()
  12          {
  13   1      
  14   1        while(1)
  15   1        {
  16   2          led1=0xFF;
  17   2          led2=0x00;
  18   2          led3=0x00;
  19   2          delay(500);
  20   2          
  21   2          led1=0x00;
  22   2          led2=0xFF;
  23   2          led3=0x00;
  24   2          delay(500);
  25   2          
  26   2          led1=0x00;
  27   2          led2=0x00;
  28   2          led3=0xFF;
  29   2          delay(500);
  30   2        }
  31   1      }
  32            


MODULE INFORMATION:   STATIC OVERLAYABLE
   CODE SIZE        =     79    ----
   CONSTANT SIZE    =   ----    ----
   XDATA SIZE       =   ----    ----
   PDATA SIZE       =   ----    ----
   DATA SIZE        =      4    ----
   IDATA SIZE       =   ----    ----
   BIT SIZE         =   ----    ----
END OF MODULE INFORMATION.


C51 COMPILATION COMPLETE.  0 WARNING(S),  0 ERROR(S)
