C51 COMPILER V9.52.0.0   1LED2SWITCH                                                       12/14/2023 06:27:30 PAGE 1   


C51 COMPILER V9.52.0.0, COMPILATION OF MODULE 1LED2SWITCH
OBJECT MODULE PLACED IN 1led2switch.OBJ
COMPILER INVOKED BY: C:\Keil\C51\BIN\C51.EXE 1led2switch.c BROWSE DEBUG OBJECTEXTEND TABS(2)

line level    source

   1          #include <reg51.h>
   2          sbit led=P2^0;
   3          sbit sw1=P2^1;
   4          sbit sw2=P2^2;
   5          void main()
   6          {
   7   1        while(1)
   8   1        {
   9   2        if (sw1==0&&sw2==0)
  10   2        {
  11   3          led=1;
  12   3        }
  13   2        else
  14   2          led=0;
  15   2      }
  16   1      }
  17          
  18            


MODULE INFORMATION:   STATIC OVERLAYABLE
   CODE SIZE        =     14    ----
   CONSTANT SIZE    =   ----    ----
   XDATA SIZE       =   ----    ----
   PDATA SIZE       =   ----    ----
   DATA SIZE        =   ----    ----
   IDATA SIZE       =   ----    ----
   BIT SIZE         =   ----    ----
END OF MODULE INFORMATION.


C51 COMPILATION COMPLETE.  0 WARNING(S),  0 ERROR(S)
