C51 COMPILER V9.52.0.0   SERIAL3                                                           01/26/2024 06:22:43 PAGE 1   


C51 COMPILER V9.52.0.0, COMPILATION OF MODULE SERIAL3
OBJECT MODULE PLACED IN serial3.OBJ
COMPILER INVOKED BY: C:\Keil\C51\BIN\C51.EXE serial3.c BROWSE DEBUG OBJECTEXTEND TABS(2)

line level    source

   1          #include<reg51.h>
   2          void main()
   3          {
   4   1      unsigned char v;
   5   1      SCON=0x50;
   6   1      TMOD=0x20;
   7   1      TH1=-3;
   8   1      TR1=1;
   9   1      while(RI==0);
  10   1      P1=SBUF;
  11   1      v=SBUF;
  12   1      SBUF=v;
  13   1      while(TI==0);
  14   1      TI=0;
  15   1      RI=0;
  16   1      TR1=0;
  17   1      }


MODULE INFORMATION:   STATIC OVERLAYABLE
   CODE SIZE        =     31    ----
   CONSTANT SIZE    =   ----    ----
   XDATA SIZE       =   ----    ----
   PDATA SIZE       =   ----    ----
   DATA SIZE        =   ----    ----
   IDATA SIZE       =   ----    ----
   BIT SIZE         =   ----    ----
END OF MODULE INFORMATION.


C51 COMPILATION COMPLETE.  0 WARNING(S),  0 ERROR(S)
