C51 COMPILER V9.52.0.0   SERIAL2                                                           01/24/2024 05:05:44 PAGE 1   


C51 COMPILER V9.52.0.0, COMPILATION OF MODULE SERIAL2
OBJECT MODULE PLACED IN serial2.OBJ
COMPILER INVOKED BY: C:\Keil\C51\BIN\C51.EXE serial2.c BROWSE DEBUG OBJECTEXTEND TABS(2)

line level    source

   1          #include<reg51.h>
   2          void main()
   3          {
   4   1      unsigned char person[]={"Name,Address,Pin,Phno"};
   5   1      unsigned char v;
   6   1      SCON=0X40;
   7   1      TMOD=0x20;
   8   1      TH1=-4;
   9   1      TR1=1;
  10   1      for(v=0;person[v]!='\0';v++)
  11   1      {
  12   2        SBUF=person[v];
  13   2        while(TI==0);
  14   2        TI=0;
  15   2      }
  16   1      TR1=0;
  17   1      }
  18            


MODULE INFORMATION:   STATIC OVERLAYABLE
   CODE SIZE        =     52    ----
   CONSTANT SIZE    =     22    ----
   XDATA SIZE       =   ----    ----
   PDATA SIZE       =   ----    ----
   DATA SIZE        =   ----      22
   IDATA SIZE       =   ----    ----
   BIT SIZE         =   ----    ----
END OF MODULE INFORMATION.


C51 COMPILATION COMPLETE.  0 WARNING(S),  0 ERROR(S)
