C51 COMPILER V9.52.0.0   _16X2_LCD2                                                        12/18/2023 09:35:32 PAGE 1   


C51 COMPILER V9.52.0.0, COMPILATION OF MODULE _16X2_LCD2
OBJECT MODULE PLACED IN (16x2)LCD2.OBJ
COMPILER INVOKED BY: C:\Keil\C51\BIN\C51.EXE (16x2)LCD2.c BROWSE DEBUG OBJECTEXTEND TABS(2)

line level    source

   1          //LCD display using functions
   2          #include <reg51.h>
   3          //control pins
   4          sbit rs=P3^6;
   5          sbit en=P3^7;
   6          sbit sw=P3^5;
   7          lcdcmd(char);
   8          lcddata(char);
   9          //data pins are connected to P2
  10          void main()
  11          {
  12   1        lcdcmd(0x38);
  13   1        lcdcmd(0x0C);
  14   1        lcdcmd(0x06);
  15   1        lcdcmd(0x01);
  16   1        //first line address
  17   1        lcdcmd(0x80);
  18   1        lcddata('N');
  19   1        lcddata('A');
  20   1        lcddata('M');
  21   1        lcddata('S');
  22   1        lcddata('T');
  23   1        lcddata('H');
  24   1        lcddata('E');
  25   1        
  26   1        
  27   1        //second line address
  28   1        lcdcmd(0xC0);
  29   1        lcddata('B');
  30   1        lcddata('H');
  31   1        lcddata('A');
  32   1        lcddata('I');
  33   1        while(1);
  34   1        
  35   1      
  36   1      }
  37          
  38          
  39          //functions
  40          
  41          lcdcmd(char x)
  42          {
  43   1        int i;
  44   1        P2=x;
  45   1        rs=0;
  46   1        en=1;
  47   1        for(i=0;i<5000;i++)
  48   1        en=0;
  49   1      }
  50          
  51          lcddata(char x)
  52          {
  53   1        int i;
  54   1        P2=x;
  55   1        rs=1;
C51 COMPILER V9.52.0.0   _16X2_LCD2                                                        12/18/2023 09:35:32 PAGE 2   

  56   1        en=1;
  57   1        for(i=0;i<5000;i++)
  58   1        en=0;
  59   1      }
  60          
*** WARNING C290 IN LINE 49 OF (16x2)LCD2.c: missing return value
*** WARNING C290 IN LINE 59 OF (16x2)LCD2.c: missing return value


MODULE INFORMATION:   STATIC OVERLAYABLE
   CODE SIZE        =    133    ----
   CONSTANT SIZE    =   ----    ----
   XDATA SIZE       =   ----    ----
   PDATA SIZE       =   ----    ----
   DATA SIZE        =   ----    ----
   IDATA SIZE       =   ----    ----
   BIT SIZE         =   ----    ----
END OF MODULE INFORMATION.


C51 COMPILATION COMPLETE.  2 WARNING(S),  0 ERROR(S)
