C51 COMPILER V9.52.0.0   LCDMAIN                                                           12/20/2023 14:53:40 PAGE 1   


C51 COMPILER V9.52.0.0, COMPILATION OF MODULE LCDMAIN
OBJECT MODULE PLACED IN lcdmain.OBJ
COMPILER INVOKED BY: C:\Keil\C51\BIN\C51.EXE lcdmain.c BROWSE DEBUG OBJECTEXTEND TABS(2)

line level    source

   1          #include <reg51.h>
   2          #include "lcdheader.h"
*** WARNING C275 IN LINE 22 OF lcdheader.h: expression with possibly no effect
   3          
   4          sbit sw1 = P1^0;
   5          sbit sw2 = P1^1;
   6          sbit sw3 = P1^2;
   7          sbit sw4 = P1^3;
   8          
   9          sbit led1 = P1^4;
  10          sbit led2 = P1^5;
  11          sbit led3 = P1^6;
  12          sbit led4 = P1^7;
  13          
  14          
  15          void main()
  16          {
  17   1        bit flag1,flag2,flag3,flag4;
  18   1        flag1 = flag2 =flag3 =flag4 = 0;
  19   1        sw1 = sw2 = sw3 = sw4 = 1;
  20   1        led1 = led2 = led3 = led4 = 0;
  21   1        lcdinit();
  22   1        lcdcmd(0x80);
  23   1        lcdprint("LED TEST");
  24   1        while(1)
  25   1        {
  26   2        if(sw1 == 0)
  27   2          flag1 = ~flag1;
  28   2        if(sw2 == 0)
  29   2          flag2 = ~flag2;
  30   2        if(sw3 == 0)
  31   2          flag3 = ~flag3;
  32   2        if(sw4 == 0)
  33   2          flag4 = ~flag4;
  34   2        if(flag1 == 0)
  35   2          led1 = 0;
  36   2        else 
  37   2          led1 = 1;
  38   2        if(flag2 == 0)
  39   2          led2 = 0;
  40   2        else 
  41   2          led2 = 1;
  42   2        if(flag3 == 0)
  43   2          led3 = 0;
  44   2        else 
  45   2          led3 = 1;
  46   2        if(flag4 == 0)
  47   2          led4 = 0;
  48   2        else 
  49   2          led4 = 1;
  50   2        
  51   2        lcdcmd(0x80);
  52   2        if(flag1 == 1)
  53   2          lcdprint("D1:ON ");
  54   2        else
C51 COMPILER V9.52.0.0   LCDMAIN                                                           12/20/2023 14:53:40 PAGE 2   

  55   2          lcdprint("D1:OFF");
  56   2        lcdcmd(0x88);
  57   2        if(flag2 == 1)
  58   2          lcdprint("D2:ON ");
  59   2        else
  60   2          lcdprint("D2:OFF");
  61   2        lcdcmd(0xC0);
  62   2        if(flag3 == 1)
  63   2          lcdprint("D3:ON ");
  64   2        else
  65   2          lcdprint("D3:OFF");
  66   2        lcdcmd(0xC8);
  67   2        if(flag4 == 1)
  68   2          lcdprint("D4:ON ");
  69   2        else
  70   2          lcdprint("D4:OFF"); 
  71   2        }
  72   1      }
  73          
  74          
  75          
*** WARNING C290 IN LINE 16 OF lcdmain.c: missing return value
*** WARNING C290 IN LINE 24 OF lcdmain.c: missing return value
*** WARNING C290 IN LINE 34 OF lcdmain.c: missing return value
*** WARNING C290 IN LINE 43 OF lcdmain.c: missing return value
*** WARNING C290 IN LINE 50 OF lcdmain.c: missing return value


MODULE INFORMATION:   STATIC OVERLAYABLE
   CODE SIZE        =    342    ----
   CONSTANT SIZE    =     65    ----
   XDATA SIZE       =   ----    ----
   PDATA SIZE       =   ----    ----
   DATA SIZE        =   ----       3
   IDATA SIZE       =   ----    ----
   BIT SIZE         =   ----       4
END OF MODULE INFORMATION.


C51 COMPILATION COMPLETE.  6 WARNING(S),  0 ERROR(S)
