C51 COMPILER V9.52.0.0   STRLCD                                                            12/18/2023 08:30:16 PAGE 1   


C51 COMPILER V9.52.0.0, COMPILATION OF MODULE STRLCD
OBJECT MODULE PLACED IN strLCD.OBJ
COMPILER INVOKED BY: C:\Keil\C51\BIN\C51.EXE strLCD.c BROWSE DEBUG OBJECTEXTEND TABS(2)

line level    source

   1          #include <REGX51.H>
   2          sbit rs=P3^6;
   3          sbit en=P3^7;
   4          //data pins connected to the P2
   5          lcdcmd(char);
   6          lcddata(char);
   7          lcdprint(char*);
   8          //char x[10]="hello world";
   9          
  10          
  11          void main()
  12          {
  13   1        lcdcmd(0x38);
  14   1        lcdcmd(0x0c);
  15   1        lcdcmd(0x06);
  16   1        lcdcmd(0x01);
  17   1        lcdcmd(0x80);
  18   1      
  19   1      lcdprint("Ignite embedded");
  20   1      lcdcmd(0xc0);
  21   1      lcdprint("Ameerpet");
  22   1      while(1);
  23   1      }
  24          lcdprint(char *c)
  25          {
  26   1        while(*c!='\0')
  27   1        {
  28   2          lcddata(*c);
  29   2          *c++;
*** WARNING C275 IN LINE 29 OF strLCD.c: expression with possibly no effect
  30   2        }
  31   1      }
  32          
  33          lcdcmd(char x)
  34          {
  35   1        int i;
  36   1        P2=x;
  37   1        rs=0;
  38   1        en=1;
  39   1        for(i=0;i<5000;i++)
  40   1        en=0;
  41   1      }
  42          
  43          lcddata(char x)
  44          {
  45   1        int i;
  46   1        P2=x;
  47   1        rs=1;
  48   1        en=1;
  49   1        for(i=0;i<5000;i++)
  50   1        en=0;
  51   1      }
  52            
*** WARNING C290 IN LINE 31 OF strLCD.c: missing return value
*** WARNING C290 IN LINE 41 OF strLCD.c: missing return value
C51 COMPILER V9.52.0.0   STRLCD                                                            12/18/2023 08:30:16 PAGE 2   

*** WARNING C290 IN LINE 51 OF strLCD.c: missing return value


MODULE INFORMATION:   STATIC OVERLAYABLE
   CODE SIZE        =    131    ----
   CONSTANT SIZE    =     25    ----
   XDATA SIZE       =   ----    ----
   PDATA SIZE       =   ----    ----
   DATA SIZE        =   ----       3
   IDATA SIZE       =   ----    ----
   BIT SIZE         =   ----    ----
END OF MODULE INFORMATION.


C51 COMPILATION COMPLETE.  4 WARNING(S),  0 ERROR(S)
