C51 COMPILER V9.52.0.0   LEDSWITCHLCD                                                      12/19/2023 09:53:33 PAGE 1   


C51 COMPILER V9.52.0.0, COMPILATION OF MODULE LEDSWITCHLCD
OBJECT MODULE PLACED IN ledswitchLCD.OBJ
COMPILER INVOKED BY: C:\Keil\C51\BIN\C51.EXE ledswitchLCD.c BROWSE DEBUG OBJECTEXTEND TABS(2)

line level    source

   1          #include <REGX51.H>
   2          sbit rs=P3^6;
   3          sbit en=P3^7;
   4          sbit sw1=P1^0;
   5          sbit sw2=P1^1;
   6          sbit sw3=P1^2;
   7          sbit sw4=P1^3;
   8          sbit led1=P1^4;
   9          sbit led2=P1^5;
  10          sbit led3=P1^6;
  11          sbit led4=P1^7;
  12          //data pins connected to the P2
  13          lcdcmd(char);
  14          lcddata(char);
  15          lcdprint(char*);
  16          //char x[10]="hello world";
  17          
  18          
  19          void main()
  20          {
  21   1        lcdcmd(0x38);
  22   1        lcdcmd(0x0c);
  23   1        lcdcmd(0x06);
  24   1        lcdcmd(0x01);
  25   1        lcdcmd(0x80);
  26   1        
  27   1        sw1=1,sw2=1,sw3=1,sw4=1;
  28   1        led1=led2=led3=led4=0;
  29   1        while(1);
  30   1        
  31   1      if(sw1==1){
  32   2        led1=1;
  33   2      lcdprint("D1:ON");
  34   2      }
  35   1      else{
  36   2        led1=0;
  37   2        lcdprint("D1:OFF");
  38   2      }
  39   1      
  40   1      if(sw2==1){
  41   2        led2=1;
  42   2        lcdprint("D2:ON");
  43   2      }
  44   1      else{
  45   2        led2=0;
  46   2        lcdprint("D2:OFF");
  47   2      }
  48   1      
  49   1      if(sw3==1){
  50   2        led3=1;
  51   2        lcdprint("D3:ON");
  52   2      }
  53   1      else{
  54   2        led3=0;
  55   2        lcdprint("D3:OFF");
C51 COMPILER V9.52.0.0   LEDSWITCHLCD                                                      12/19/2023 09:53:33 PAGE 2   

  56   2      }
  57   1      
  58   1      if(sw4==1){
  59   2        led4=1;
  60   2        lcdprint("D4:ON");
  61   2      }
  62   1      else{
  63   2        led4=0;
  64   2        lcdprint("D4:OFF");
  65   2      }
  66   1      
  67   1      }
  68          lcdprint(char *c)
  69          {
  70   1        while(*c!='\0')
  71   1        {
  72   2          lcddata(*c);
  73   2          *c++;
*** WARNING C275 IN LINE 73 OF ledswitchLCD.c: expression with possibly no effect
  74   2        }
  75   1      }
  76          
  77          lcdcmd(char x)
  78          {
  79   1        int i;
  80   1        P2=x;
  81   1        rs=0;
  82   1        en=1;
  83   1        for(i=0;i<5000;i++)
  84   1        en=0;
  85   1      }
  86          
  87          lcddata(char x)
  88          {
  89   1        int i;
  90   1        P2=x;
  91   1        rs=1;
  92   1        en=1;
  93   1        for(i=0;i<5000;i++)
  94   1        en=0;
  95   1      }
*** WARNING C294 IN LINE 31 OF ledswitchLCD.c: unreachable code
*** WARNING C290 IN LINE 75 OF ledswitchLCD.c: missing return value
*** WARNING C290 IN LINE 85 OF ledswitchLCD.c: missing return value
*** WARNING C290 IN LINE 95 OF ledswitchLCD.c: missing return value


MODULE INFORMATION:   STATIC OVERLAYABLE
   CODE SIZE        =    124    ----
   CONSTANT SIZE    =     52    ----
   XDATA SIZE       =   ----    ----
   PDATA SIZE       =   ----    ----
   DATA SIZE        =   ----       3
   IDATA SIZE       =   ----    ----
   BIT SIZE         =   ----    ----
END OF MODULE INFORMATION.


C51 COMPILATION COMPLETE.  5 WARNING(S),  0 ERROR(S)
