C51 COMPILER V9.52.0.0   LEDSWITCH1                                                        12/05/2023 11:40:10 PAGE 1   


C51 COMPILER V9.52.0.0, COMPILATION OF MODULE LEDSWITCH1
OBJECT MODULE PLACED IN ledswitch1.OBJ
COMPILER INVOKED BY: C:\Keil\C51\BIN\C51.EXE ledswitch1.c BROWSE DEBUG OBJECTEXTEND TABS(2)

line level    source

   1          #include <reg51.h>
   2          sbit led1=P2^0;
   3          sbit sw1=P2^7;
   4          bit flag;
   5          void main()
   6          {
   7   1        int i;
   8   1        flag=0;
   9   1        led1=0;
  10   1        sw1=1;
  11   1        while(1)
  12   1        {
  13   2          if (sw1==0)
  14   2          {
  15   3            flag=~flag;
  16   3            while(sw1==0);
  17   3            }
  18   2            if (flag==0)
  19   2              led1=0;
  20   2            else
  21   2              led1=1;
  22   2          }
  23   1        }
*** WARNING C280 IN LINE 7 OF ledswitch1.c: 'i': unreferenced local variable


MODULE INFORMATION:   STATIC OVERLAYABLE
   CODE SIZE        =     25    ----
   CONSTANT SIZE    =   ----    ----
   XDATA SIZE       =   ----    ----
   PDATA SIZE       =   ----    ----
   DATA SIZE        =   ----       2
   IDATA SIZE       =   ----    ----
   BIT SIZE         =      1    ----
END OF MODULE INFORMATION.


C51 COMPILATION COMPLETE.  1 WARNING(S),  0 ERROR(S)
