C51 COMPILER V9.52.0.0   TIMERLEDONOFF                                                     12/28/2023 09:29:30 PAGE 1   


C51 COMPILER V9.52.0.0, COMPILATION OF MODULE TIMERLEDONOFF
OBJECT MODULE PLACED IN timerledonoff.OBJ
COMPILER INVOKED BY: C:\Keil\C51\BIN\C51.EXE timerledonoff.c BROWSE DEBUG OBJECTEXTEND TABS(2)

line level    source

   1          #include<reg51.h>
   2          sbit led=P2^0;
   3          void delay(unsigned int);
   4          void main()
   5          {
   6   1        while(1)
   7   1        {
   8   2          led=0;
   9   2          delay(1000);
  10   2          led=1;
  11   2          delay(1000);
  12   2        }
  13   1      }
  14          
  15          
  16          //function for delay
  17          
  18          void delay(unsigned int i)
  19          {
  20   1        int count=0;
  21   1        for(count=0;count<20;count++)
  22   1        {
  23   2          TMOD=0x10;
  24   2          TH1=0xFC;
  25   2          TL1=0x17;
  26   2          TR1=1;
  27   2          while(TF1==0);
  28   2          TF1=0;
  29   2          TR1=0;
  30   2        }
  31   1      }
*** WARNING C280 IN LINE 18 OF timerledonoff.c: 'i': unreferenced local variable
  32              


MODULE INFORMATION:   STATIC OVERLAYABLE
   CODE SIZE        =     57    ----
   CONSTANT SIZE    =   ----    ----
   XDATA SIZE       =   ----    ----
   PDATA SIZE       =   ----    ----
   DATA SIZE        =   ----       2
   IDATA SIZE       =   ----    ----
   BIT SIZE         =   ----    ----
END OF MODULE INFORMATION.


C51 COMPILATION COMPLETE.  1 WARNING(S),  0 ERROR(S)
